python-dotenv could not parse statement starting at line 1
2026-03-04 15:36:35,360 | INFO | Logger iniciado. Archivo: C:\Proyectos Justin\Codigo Proyectos\ProyectoSegmentacion\backend\logs\inventario_job_20260304.log
2026-03-04 15:36:35,559 | INFO | Version creada (Inactiva): id_version_inventario=15
2026-03-04 15:36:36,017 | INFO | Universo referencias: 1556
2026-03-04 15:36:36,017 | INFO | Config: INV_BATCH_SIZE=200 INV_API_TIMEOUT=180
2026-03-04 15:36:36,018 | INFO | Lote 1/8: refs=200 -> llamando API...
2026-03-04 15:37:02,831 | INFO | Lote 1/8: API filas=10818 truncado=False
2026-03-04 15:37:04,116 | INFO | Lote 1/8: insertadas=10818 acumulado=10818 tiempo_s=28.10
2026-03-04 15:37:04,116 | INFO | Lote 2/8: refs=200 -> llamando API...
2026-03-04 15:37:28,977 | INFO | Lote 2/8: API filas=10371 truncado=False
2026-03-04 15:37:30,018 | INFO | Lote 2/8: insertadas=10371 acumulado=21189 tiempo_s=25.90
2026-03-04 15:37:30,018 | INFO | Lote 3/8: refs=200 -> llamando API...
2026-03-04 15:37:55,299 | INFO | Lote 3/8: API filas=8643 truncado=False
2026-03-04 15:37:56,290 | INFO | Lote 3/8: insertadas=8643 acumulado=29832 tiempo_s=26.27
2026-03-04 15:37:56,290 | INFO | Lote 4/8: refs=200 -> llamando API...
2026-03-04 15:38:23,579 | INFO | Lote 4/8: API filas=10034 truncado=False
2026-03-04 15:38:24,443 | INFO | Lote 4/8: insertadas=10034 acumulado=39866 tiempo_s=28.15
2026-03-04 15:38:24,443 | INFO | Lote 5/8: refs=200 -> llamando API...
2026-03-04 15:38:52,839 | INFO | Lote 5/8: API filas=9676 truncado=False
2026-03-04 15:38:53,756 | INFO | Lote 5/8: insertadas=9676 acumulado=49542 tiempo_s=29.31
2026-03-04 15:38:53,756 | INFO | Lote 6/8: refs=200 -> llamando API...
2026-03-04 15:39:23,968 | INFO | Lote 6/8: API filas=10001 truncado=False
2026-03-04 15:39:24,801 | INFO | Lote 6/8: insertadas=10001 acumulado=59543 tiempo_s=31.05
2026-03-04 15:39:24,802 | INFO | Lote 7/8: refs=200 -> llamando API...
2026-03-04 15:39:54,660 | INFO | Lote 7/8: API filas=11521 truncado=False
2026-03-04 15:39:55,628 | INFO | Lote 7/8: insertadas=11521 acumulado=71064 tiempo_s=30.83
2026-03-04 15:39:55,628 | INFO | Lote 8/8: refs=156 -> llamando API...
2026-03-04 15:40:21,428 | INFO | Lote 8/8: API filas=7635 truncado=False
2026-03-04 15:40:22,252 | INFO | Lote 8/8: insertadas=7635 acumulado=78699 tiempo_s=26.62
2026-03-04 15:40:22,449 | INFO | Version marcada Activa: id_version_inventario=15 filas_total=78699
2026-03-04 15:40:24,464 | INFO | refresh_inventario_actual ejecutado y confirmado (COMMIT).
2026-03-04 15:40:24,465 | INFO | OK inventario. version=15 filas=78699
SQLSERVER_API_URL = http://localhost:5031
