2026-03-19 08:00:03,712 | INFO | Logger iniciado. Archivo: C:\Proyectos Justin\Codigo Proyectos\ProyectoSegmentacion\backend\logs\inventario_movimiento_job_20260319.log
2026-03-19 08:00:03,818 | INFO | Version creada (Inactiva): id_version_movimiento=23
2026-03-19 08:00:04,582 | INFO | Universo referencias: 2154
2026-03-19 08:00:04,582 | INFO | Config: INV_BATCH_SIZE=200 INV_API_TIMEOUT=120
2026-03-19 08:00:04,582 | INFO | Lote 1/11: refs=200 -> llamando API...
2026-03-19 08:00:58,757 | INFO | Lote 1/11: API filas=101191 truncado=False
2026-03-19 08:01:02,408 | INFO | Lote 1/11: insertadas=101191 acumulado=101191 tiempo_s=57.83
2026-03-19 08:01:02,409 | INFO | Lote 2/11: refs=200 -> llamando API...
2026-03-19 08:02:01,105 | INFO | Lote 2/11: API filas=101191 truncado=False
2026-03-19 08:02:04,876 | INFO | Lote 2/11: insertadas=101191 acumulado=202382 tiempo_s=62.47
2026-03-19 08:02:04,876 | INFO | Lote 3/11: refs=200 -> llamando API...
2026-03-19 08:02:57,830 | INFO | Lote 3/11: API filas=101191 truncado=False
2026-03-19 08:03:01,425 | INFO | Lote 3/11: insertadas=101191 acumulado=303573 tiempo_s=56.55
2026-03-19 08:03:01,425 | INFO | Lote 4/11: refs=200 -> llamando API...
2026-03-19 08:03:51,114 | INFO | Lote 4/11: API filas=101191 truncado=False
2026-03-19 08:03:54,643 | INFO | Lote 4/11: insertadas=101191 acumulado=404764 tiempo_s=53.22
2026-03-19 08:03:54,643 | INFO | Lote 5/11: refs=200 -> llamando API...
2026-03-19 08:04:43,434 | INFO | Lote 5/11: API filas=101191 truncado=False
2026-03-19 08:04:47,129 | INFO | Lote 5/11: insertadas=101191 acumulado=505955 tiempo_s=52.49
2026-03-19 08:04:47,129 | INFO | Lote 6/11: refs=200 -> llamando API...
2026-03-19 08:05:32,815 | INFO | Lote 6/11: API filas=101191 truncado=False
2026-03-19 08:05:36,463 | INFO | Lote 6/11: insertadas=101191 acumulado=607146 tiempo_s=49.33
2026-03-19 08:05:36,463 | INFO | Lote 7/11: refs=200 -> llamando API...
2026-03-19 08:06:20,923 | INFO | Lote 7/11: API filas=101191 truncado=False
2026-03-19 08:06:24,491 | INFO | Lote 7/11: insertadas=101191 acumulado=708337 tiempo_s=48.03
2026-03-19 08:06:24,491 | INFO | Lote 8/11: refs=200 -> llamando API...
2026-03-19 08:07:13,849 | INFO | Lote 8/11: API filas=101191 truncado=False
2026-03-19 08:07:17,478 | INFO | Lote 8/11: insertadas=101191 acumulado=809528 tiempo_s=52.99
2026-03-19 08:07:17,478 | INFO | Lote 9/11: refs=200 -> llamando API...
2026-03-19 08:08:10,539 | INFO | Lote 9/11: API filas=101191 truncado=False
2026-03-19 08:08:14,120 | INFO | Lote 9/11: insertadas=101191 acumulado=910719 tiempo_s=56.64
2026-03-19 08:08:14,120 | INFO | Lote 10/11: refs=200 -> llamando API...
2026-03-19 08:09:12,406 | INFO | Lote 10/11: API filas=101191 truncado=False
2026-03-19 08:09:15,927 | INFO | Lote 10/11: insertadas=101191 acumulado=1011910 tiempo_s=61.81
2026-03-19 08:09:15,927 | INFO | Lote 11/11: refs=154 -> llamando API...
2026-03-19 08:10:04,890 | INFO | Lote 11/11: API filas=101191 truncado=False
2026-03-19 08:10:08,535 | INFO | Lote 11/11: insertadas=101191 acumulado=1113101 tiempo_s=52.61
2026-03-19 08:10:08,759 | INFO | Version marcada Activa: id_version_movimiento=23 filas_total=1113101
2026-03-19 08:10:08,759 | INFO | OK movimientos de inventario. version=23 filas=1113101
