python-dotenv could not parse statement starting at line 1
2026-03-10 08:00:03,192 | INFO | Logger iniciado. Archivo: C:\Proyectos Justin\Codigo Proyectos\ProyectoSegmentacion\backend\logs\inventario_movimiento_job_20260310.log
2026-03-10 08:00:03,289 | INFO | Version creada (Inactiva): id_version_movimiento=19
2026-03-10 08:00:03,936 | INFO | Universo referencias: 2155
2026-03-10 08:00:03,937 | INFO | Config: INV_BATCH_SIZE=200 INV_API_TIMEOUT=120
2026-03-10 08:00:03,937 | INFO | Lote 1/11: refs=200 -> llamando API...
2026-03-10 08:00:38,526 | INFO | Lote 1/11: API filas=101191 truncado=False
2026-03-10 08:00:41,724 | INFO | Lote 1/11: insertadas=101191 acumulado=101191 tiempo_s=37.79
2026-03-10 08:00:41,725 | INFO | Lote 2/11: refs=200 -> llamando API...
2026-03-10 08:01:29,285 | INFO | Lote 2/11: API filas=101191 truncado=False
2026-03-10 08:01:32,735 | INFO | Lote 2/11: insertadas=101191 acumulado=202382 tiempo_s=51.01
2026-03-10 08:01:32,735 | INFO | Lote 3/11: refs=200 -> llamando API...
2026-03-10 08:02:12,231 | INFO | Lote 3/11: API filas=101191 truncado=False
2026-03-10 08:02:15,718 | INFO | Lote 3/11: insertadas=101191 acumulado=303573 tiempo_s=42.98
2026-03-10 08:02:15,718 | INFO | Lote 4/11: refs=200 -> llamando API...
2026-03-10 08:02:56,526 | INFO | Lote 4/11: API filas=101191 truncado=False
2026-03-10 08:03:00,110 | INFO | Lote 4/11: insertadas=101191 acumulado=404764 tiempo_s=44.39
2026-03-10 08:03:00,111 | INFO | Lote 5/11: refs=200 -> llamando API...
2026-03-10 08:03:37,198 | INFO | Lote 5/11: API filas=101191 truncado=False
2026-03-10 08:03:40,805 | INFO | Lote 5/11: insertadas=101191 acumulado=505955 tiempo_s=40.69
2026-03-10 08:03:40,805 | INFO | Lote 6/11: refs=200 -> llamando API...
2026-03-10 08:04:17,742 | INFO | Lote 6/11: API filas=101191 truncado=False
2026-03-10 08:04:21,875 | INFO | Lote 6/11: insertadas=101191 acumulado=607146 tiempo_s=41.07
2026-03-10 08:04:21,875 | INFO | Lote 7/11: refs=200 -> llamando API...
2026-03-10 08:05:02,765 | INFO | Lote 7/11: API filas=101191 truncado=False
2026-03-10 08:05:06,399 | INFO | Lote 7/11: insertadas=101191 acumulado=708337 tiempo_s=44.52
2026-03-10 08:05:06,400 | INFO | Lote 8/11: refs=200 -> llamando API...
2026-03-10 08:05:51,611 | INFO | Lote 8/11: API filas=101191 truncado=False
2026-03-10 08:05:55,151 | INFO | Lote 8/11: insertadas=101191 acumulado=809528 tiempo_s=48.75
2026-03-10 08:05:55,151 | INFO | Lote 9/11: refs=200 -> llamando API...
2026-03-10 08:06:33,172 | INFO | Lote 9/11: API filas=101191 truncado=False
2026-03-10 08:06:36,730 | INFO | Lote 9/11: insertadas=101191 acumulado=910719 tiempo_s=41.58
2026-03-10 08:06:36,731 | INFO | Lote 10/11: refs=200 -> llamando API...
2026-03-10 08:07:13,467 | INFO | Lote 10/11: API filas=101191 truncado=False
2026-03-10 08:07:16,986 | INFO | Lote 10/11: insertadas=101191 acumulado=1011910 tiempo_s=40.26
2026-03-10 08:07:16,986 | INFO | Lote 11/11: refs=155 -> llamando API...
2026-03-10 08:07:54,200 | INFO | Lote 11/11: API filas=101191 truncado=False
2026-03-10 08:07:57,840 | INFO | Lote 11/11: insertadas=101191 acumulado=1113101 tiempo_s=40.85
2026-03-10 08:07:58,141 | INFO | Version marcada Activa: id_version_movimiento=19 filas_total=1113101
2026-03-10 08:07:58,141 | INFO | OK movimientos de inventario. version=19 filas=1113101
SQLSERVER_API_URL = http://localhost:5031
