[24/04/2026 12:25:02.13] INICIO LOG inventario_job
[24/04/2026 12:25:02.14] INV_BATCH_SIZE=200 
[24/04/2026 12:25:02.15] INV_API_TIMEOUT=180 
[24/04/2026 12:25:02.17] INICIO python -m backend.tools.ingestion.inventario_job 
python-dotenv could not parse statement starting at line 1
2026-04-24 12:25:02,630 | INFO | Logger iniciado en consola/stdout.
2026-04-24 12:25:02,913 | INFO | Universo referencias: 1517
2026-04-24 12:25:02,913 | INFO | Config: INV_BATCH_SIZE=200 INV_API_TIMEOUT=180
2026-04-24 12:25:03,316 | INFO | inventario_actual_staging truncada correctamente antes de iniciar la carga.
2026-04-24 12:25:03,316 | INFO | Lote 1/8: refs=200 -> llamando API...
2026-04-24 12:25:40,231 | INFO | Lote 1/8: API filas=9686 truncado=False
2026-04-24 12:25:40,798 | INFO | Lote 1/8: insertadas_staging=9686 acumulado_staging=9686 tiempo_s=37.48
2026-04-24 12:25:40,798 | INFO | Lote 2/8: refs=200 -> llamando API...
2026-04-24 12:26:16,710 | INFO | Lote 2/8: API filas=11592 truncado=False
2026-04-24 12:26:17,355 | INFO | Lote 2/8: insertadas_staging=11592 acumulado_staging=21278 tiempo_s=36.56
2026-04-24 12:26:17,355 | INFO | Lote 3/8: refs=200 -> llamando API...
2026-04-24 12:26:52,685 | INFO | Lote 3/8: API filas=8838 truncado=False
2026-04-24 12:26:53,279 | INFO | Lote 3/8: insertadas_staging=8838 acumulado_staging=30116 tiempo_s=35.92
2026-04-24 12:26:53,280 | INFO | Lote 4/8: refs=200 -> llamando API...
2026-04-24 12:27:28,517 | INFO | Lote 4/8: API filas=9016 truncado=False
2026-04-24 12:27:29,247 | INFO | Lote 4/8: insertadas_staging=9016 acumulado_staging=39132 tiempo_s=35.97
2026-04-24 12:27:29,248 | INFO | Lote 5/8: refs=200 -> llamando API...
2026-04-24 12:28:06,176 | INFO | Lote 5/8: API filas=8751 truncado=False
2026-04-24 12:28:06,720 | INFO | Lote 5/8: insertadas_staging=8751 acumulado_staging=47883 tiempo_s=37.47
2026-04-24 12:28:06,720 | INFO | Lote 6/8: refs=200 -> llamando API...
2026-04-24 12:28:44,133 | INFO | Lote 6/8: API filas=9893 truncado=False
2026-04-24 12:28:44,761 | INFO | Lote 6/8: insertadas_staging=9893 acumulado_staging=57776 tiempo_s=38.04
2026-04-24 12:28:44,761 | INFO | Lote 7/8: refs=200 -> llamando API...
2026-04-24 12:29:17,869 | INFO | Lote 7/8: API filas=8915 truncado=False
2026-04-24 12:29:18,458 | INFO | Lote 7/8: insertadas_staging=8915 acumulado_staging=66691 tiempo_s=33.70
2026-04-24 12:29:18,458 | INFO | Lote 8/8: refs=117 -> llamando API...
2026-04-24 12:29:53,575 | INFO | Lote 8/8: API filas=7107 truncado=False
2026-04-24 12:29:54,046 | INFO | Lote 8/8: insertadas_staging=7107 acumulado_staging=73798 tiempo_s=35.59
2026-04-24 12:29:54,261 | INFO | Staging cargada completamente. filas_staging=73798
2026-04-24 12:29:54,261 | INFO | Reemplazando inventario_actual desde inventario_actual_staging...
2026-04-24 12:29:56,297 | INFO | OK inventario_actual reemplazada correctamente. filas_actual=73798 filas_staging_original=73798
SQLSERVER_API_URL = http://localhost:5031
[24/04/2026 12:29:56.34] OK inventario_job log=C:\Proyectos Justin\Codigo Proyectos\ProyectoSegmentacion\backend\logs\jobs\inventario_job.log 
