[28/04/2026  8:00:02.19] INICIO LOG inventario_movimiento_job
[28/04/2026  8:00:02.20] INV_BATCH_SIZE=200 
[28/04/2026  8:00:02.20] INV_API_TIMEOUT=120 
[28/04/2026  8:00:02.22] INICIO python -m backend.tools.ingestion.inventario_movimiento_job 
python-dotenv could not parse statement starting at line 1
2026-04-28 08:00:02,658 | INFO | Logger iniciado en consola/stdout.
2026-04-28 08:00:02,735 | INFO | Version creada (Inactiva): id_version_movimiento=69
2026-04-28 08:00:03,519 | INFO | Universo referencias: 2133
2026-04-28 08:00:03,519 | INFO | Config: INV_BATCH_SIZE=200 INV_API_TIMEOUT=120
2026-04-28 08:00:03,519 | INFO | Lote 1/11: refs=200 -> llamando API...
2026-04-28 08:01:07,515 | INFO | Lote 1/11: API filas=101191 truncado=False
2026-04-28 08:01:12,044 | INFO | Lote 1/11: insertadas=101191 acumulado=101191 tiempo_s=68.52
2026-04-28 08:01:12,044 | INFO | Lote 2/11: refs=200 -> llamando API...
2026-04-28 08:02:11,963 | INFO | Lote 2/11: API filas=101191 truncado=False
2026-04-28 08:02:16,987 | INFO | Lote 2/11: insertadas=101191 acumulado=202382 tiempo_s=64.94
2026-04-28 08:02:16,988 | INFO | Lote 3/11: refs=200 -> llamando API...
2026-04-28 08:03:11,417 | INFO | Lote 3/11: API filas=101191 truncado=False
2026-04-28 08:03:16,232 | INFO | Lote 3/11: insertadas=101191 acumulado=303573 tiempo_s=59.24
2026-04-28 08:03:16,232 | INFO | Lote 4/11: refs=200 -> llamando API...
2026-04-28 08:04:15,255 | INFO | Lote 4/11: API filas=101191 truncado=False
2026-04-28 08:04:21,969 | INFO | Lote 4/11: insertadas=101191 acumulado=404764 tiempo_s=65.74
2026-04-28 08:04:21,969 | INFO | Lote 5/11: refs=200 -> llamando API...
2026-04-28 08:05:32,671 | INFO | Lote 5/11: API filas=101191 truncado=False
2026-04-28 08:05:43,397 | INFO | Lote 5/11: insertadas=101191 acumulado=505955 tiempo_s=81.43
2026-04-28 08:05:43,397 | INFO | Lote 6/11: refs=200 -> llamando API...
2026-04-28 08:06:50,072 | INFO | Lote 6/11: API filas=101191 truncado=False
2026-04-28 08:06:59,182 | INFO | Lote 6/11: insertadas=101191 acumulado=607146 tiempo_s=75.78
2026-04-28 08:06:59,182 | INFO | Lote 7/11: refs=200 -> llamando API...
2026-04-28 08:08:39,753 | INFO | Lote 7/11: API filas=101191 truncado=False
2026-04-28 08:08:45,306 | INFO | Lote 7/11: insertadas=101191 acumulado=708337 tiempo_s=106.12
2026-04-28 08:08:45,306 | INFO | Lote 8/11: refs=200 -> llamando API...
2026-04-28 08:09:43,046 | INFO | Lote 8/11: API filas=101191 truncado=False
2026-04-28 08:09:48,221 | INFO | Lote 8/11: insertadas=101191 acumulado=809528 tiempo_s=62.91
2026-04-28 08:09:48,221 | INFO | Lote 9/11: refs=200 -> llamando API...
2026-04-28 08:10:43,615 | INFO | Lote 9/11: API filas=101191 truncado=False
2026-04-28 08:10:48,983 | INFO | Lote 9/11: insertadas=101191 acumulado=910719 tiempo_s=60.76
2026-04-28 08:10:48,984 | INFO | Lote 10/11: refs=200 -> llamando API...
2026-04-28 08:11:39,253 | INFO | Lote 10/11: API filas=101191 truncado=False
2026-04-28 08:11:44,554 | INFO | Lote 10/11: insertadas=101191 acumulado=1011910 tiempo_s=55.57
2026-04-28 08:11:44,554 | INFO | Lote 11/11: refs=133 -> llamando API...
2026-04-28 08:12:37,889 | INFO | Lote 11/11: API filas=101191 truncado=False
2026-04-28 08:12:43,037 | INFO | Lote 11/11: insertadas=101191 acumulado=1113101 tiempo_s=58.48
2026-04-28 08:12:43,272 | INFO | Version marcada Activa: id_version_movimiento=69 filas_total=1113101
2026-04-28 08:12:43,272 | INFO | OK movimientos de inventario. version=69 filas=1113101
SQLSERVER_API_URL = http://localhost:5031
[28/04/2026  8:12:43.56] OK inventario_movimiento_job log=C:\Proyectos Justin\Codigo Proyectos\ProyectoSegmentacion\backend\logs\jobs\inventario_movimiento_job.log 
